20-May-2025 09:38:19.419 INFO [main] org.apache.catalina.startup.VersionLoggerListener.log Server version name:   Apache Tomcat/10.1.41
20-May-2025 09:38:19.421 INFO [main] org.apache.catalina.startup.VersionLoggerListener.log Server built:          May 8 2025 12:44:02 UTC
20-May-2025 09:38:19.421 INFO [main] org.apache.catalina.startup.VersionLoggerListener.log Server version number: 10.1.41.0
20-May-2025 09:38:19.421 INFO [main] org.apache.catalina.startup.VersionLoggerListener.log OS Name:               Windows 11
20-May-2025 09:38:19.422 INFO [main] org.apache.catalina.startup.VersionLoggerListener.log OS Version:            10.0
20-May-2025 09:38:19.422 INFO [main] org.apache.catalina.startup.VersionLoggerListener.log Architecture:          amd64
20-May-2025 09:38:19.422 INFO [main] org.apache.catalina.startup.VersionLoggerListener.log Java Home:             C:\Users\User\.jdks\openjdk-24.0.1
20-May-2025 09:38:19.422 INFO [main] org.apache.catalina.startup.VersionLoggerListener.log JVM Version:           24.0.1+9-30
20-May-2025 09:38:19.422 INFO [main] org.apache.catalina.startup.VersionLoggerListener.log JVM Vendor:            Oracle Corporation
20-May-2025 09:38:19.422 INFO [main] org.apache.catalina.startup.VersionLoggerListener.log CATALINA_BASE:         D:\website\OnlineMediCare
20-May-2025 09:38:19.422 INFO [main] org.apache.catalina.startup.VersionLoggerListener.log CATALINA_HOME:         D:\apps\apache-tomcat-10.1.41
20-May-2025 09:38:19.433 INFO [main] org.apache.catalina.startup.VersionLoggerListener.log Command line argument: --add-opens=java.base/java.lang=ALL-UNNAMED
20-May-2025 09:38:19.433 INFO [main] org.apache.catalina.startup.VersionLoggerListener.log Command line argument: --add-opens=java.base/java.io=ALL-UNNAMED
20-May-2025 09:38:19.433 INFO [main] org.apache.catalina.startup.VersionLoggerListener.log Command line argument: --add-opens=java.base/java.util=ALL-UNNAMED
20-May-2025 09:38:19.433 INFO [main] org.apache.catalina.startup.VersionLoggerListener.log Command line argument: --add-opens=java.base/java.util.concurrent=ALL-UNNAMED
20-May-2025 09:38:19.433 INFO [main] org.apache.catalina.startup.VersionLoggerListener.log Command line argument: --add-opens=java.rmi/sun.rmi.transport=ALL-UNNAMED
20-May-2025 09:38:19.433 INFO [main] org.apache.catalina.startup.VersionLoggerListener.log Command line argument: -Dcatalina.home=D:\apps\apache-tomcat-10.1.41
20-May-2025 09:38:19.433 INFO [main] org.apache.catalina.startup.VersionLoggerListener.log Command line argument: -Dcatalina.base=D:\website\OnlineMediCare
20-May-2025 09:38:19.433 INFO [main] org.apache.catalina.startup.VersionLoggerListener.log Command line argument: -Djava.io.tmpdir=D:\website\OnlineMediCare\temp
20-May-2025 09:38:19.433 INFO [main] org.apache.catalina.startup.VersionLoggerListener.log Command line argument: -Djava.util.logging.config.file=D:\website\OnlineMediCare\conf\logging.properties
20-May-2025 09:38:19.434 INFO [main] org.apache.catalina.startup.VersionLoggerListener.log Command line argument: -Djava.util.logging.manager=org.apache.juli.ClassLoaderLogManager
20-May-2025 09:38:19.434 INFO [main] org.apache.catalina.startup.VersionLoggerListener.log Command line argument: -javaagent:C:\Program Files\JetBrains\IntelliJ IDEA 2024.3.3\lib\idea_rt.jar=64340:C:\Program Files\JetBrains\IntelliJ IDEA 2024.3.3\bin
20-May-2025 09:38:19.434 INFO [main] org.apache.catalina.startup.VersionLoggerListener.log Command line argument: -Dfile.encoding=UTF-8
20-May-2025 09:38:19.434 INFO [main] org.apache.catalina.startup.VersionLoggerListener.log Command line argument: -Dsun.stdout.encoding=UTF-8
20-May-2025 09:38:19.434 INFO [main] org.apache.catalina.startup.VersionLoggerListener.log Command line argument: -Dsun.stderr.encoding=UTF-8
20-May-2025 09:38:19.557 INFO [main] org.apache.catalina.core.AprLifecycleListener.lifecycleEvent Loaded Apache Tomcat Native library [2.0.8] using APR version [1.7.4].
20-May-2025 09:38:19.564 INFO [main] org.apache.catalina.core.AprLifecycleListener.initializeSSL OpenSSL successfully initialized [OpenSSL 3.0.14 4 Jun 2024]
20-May-2025 09:38:19.892 INFO [main] org.apache.coyote.AbstractProtocol.init Initializing ProtocolHandler ["http-nio-8080"]
20-May-2025 09:38:19.910 INFO [main] org.apache.catalina.startup.Catalina.load Server initialization in [835] milliseconds
20-May-2025 09:38:19.989 INFO [main] org.apache.catalina.core.StandardService.startInternal Starting service [Catalina]
20-May-2025 09:38:19.989 INFO [main] org.apache.catalina.core.StandardEngine.startInternal Starting Servlet engine: [Apache Tomcat/10.1.41]
20-May-2025 09:38:19.999 INFO [main] org.apache.catalina.startup.HostConfig.deployDescriptor Deploying deployment descriptor [D:\website\OnlineMediCare\conf\Catalina\localhost\OnlineMediCare.xml]
20-May-2025 09:38:21.267 INFO [main] org.apache.jasper.servlet.TldScanner.scanJars At least one JAR was scanned for TLDs yet contained no TLDs. Enable debug logging for this logger for a complete list of JARs that were scanned but no TLDs were found in them. Skipping unneeded JARs during scanning can improve startup time and JSP compilation time.
20-May-2025 09:38:21.354 INFO [main] org.apache.catalina.startup.HostConfig.deployDescriptor Deployment of deployment descriptor [D:\website\OnlineMediCare\conf\Catalina\localhost\OnlineMediCare.xml] has finished in [1,352] ms
20-May-2025 09:38:21.357 INFO [main] org.apache.coyote.AbstractProtocol.start Starting ProtocolHandler ["http-nio-8080"]
20-May-2025 09:38:21.383 INFO [main] org.apache.catalina.startup.Catalina.start Server startup in [1468] milliseconds
20-May-2025 09:39:46.894 INFO [Thread-1] org.apache.coyote.AbstractProtocol.pause Pausing ProtocolHandler ["http-nio-8080"]
20-May-2025 09:39:46.904 INFO [Thread-1] org.apache.catalina.core.StandardService.stopInternal Stopping service [Catalina]
20-May-2025 09:39:46.921 INFO [Thread-1] org.apache.coyote.AbstractProtocol.stop Stopping ProtocolHandler ["http-nio-8080"]
20-May-2025 09:39:46.928 INFO [Thread-1] org.apache.coyote.AbstractProtocol.destroy Destroying ProtocolHandler ["http-nio-8080"]
